This file contains any messages produced by compilers while
running configure, to aid debugging if configure makes a mistake.

It was created by guake configure 0.8.11, which was
generated by GNU Autoconf 2.69.  Invocation command line was

  $ ./configure 

## --------- ##
## Platform. ##
## --------- ##

hostname = velotermaitor
uname -m = x86_64
uname -r = 5.9.16-100.fc32.x86_64
uname -s = Linux
uname -v = #1 SMP Mon Dec 21 14:10:00 UTC 2020

/usr/bin/uname -p = x86_64
/bin/uname -X     = unknown

/bin/arch              = x86_64
/usr/bin/arch -k       = unknown
/usr/convex/getsysinfo = unknown
/usr/bin/hostinfo      = unknown
/bin/machine           = unknown
/usr/bin/oslevel       = unknown
/bin/universe          = unknown

PATH: /var/lib/snapd/snap/bin
PATH: /home/zeus/.deno/bin
PATH: /home/zeus/.rbenv/plugins/ruby-build/bin
PATH: /home/zeus/.rbenv/shims
PATH: /home/zeus/.rbenv/bin
PATH: /_/mongo/bin
PATH: /home/zeus/.nvm/versions/node/v14.2.0/bin
PATH: /home/zeus/.pyenv/plugins/pyenv-virtualenv/shims
PATH: /home/zeus/.pyenv/shims
PATH: /home/zeus/.pyenv/bin
PATH: /home/zeus/.rbenv/shims
PATH: /var/lib/snapd/snap/bin
PATH: /home/zeus/.deno/bin
PATH: /home/zeus/.cargo/bin
PATH: /var/lib/snapd/snap/bin
PATH: /home/zeus/.deno/bin
PATH: /home/zeus/.rbenv/plugins/ruby-build/bin
PATH: /home/zeus/.rbenv/shims
PATH: /home/zeus/.rbenv/bin
PATH: /home/zeus/.volta/bin
PATH: /_/mongo/bin
PATH: /home/zeus/.pyenv/plugins/pyenv-virtualenv/shims
PATH: /home/zeus/.pyenv/shims
PATH: /home/zeus/.pyenv/bin
PATH: /home/zeus/.local/bin
PATH: /home/zeus/bin
PATH: /usr/lib64/qt-3.3/bin
PATH: /usr/share/Modules/bin
PATH: /usr/local/bin
PATH: /usr/local/sbin
PATH: /usr/bin
PATH: /usr/sbin
PATH: /home/zeus/.composer/vendor/bin
PATH: /var/lib/snapd/snap/bin
PATH: /home/zeus/.config/composer/vendor/bin
PATH: /home/zeus/.fzf/bin
PATH: /home/zeus/bin
PATH: /home/zeus/.config/composer/vendor/bin
PATH: /home/zeus/.config/composer/vendor/bin


## ----------- ##
## Core tests. ##
## ----------- ##

configure:2370: checking for a BSD-compatible install
configure:2438: result: /usr/bin/install -c
configure:2449: checking whether build environment is sane
configure:2504: result: yes
configure:2653: checking for a thread-safe mkdir -p
configure:2692: result: /usr/bin/mkdir -p
configure:2699: checking for gawk
configure:2715: found /usr/bin/gawk
configure:2726: result: gawk
configure:2737: checking whether make sets $(MAKE)
configure:2759: result: yes
configure:2788: checking whether make supports nested variables
configure:2805: result: yes
configure:2961: checking build system type
configure:2975: result: x86_64-pc-linux-gnu
configure:2995: checking host system type
configure:3008: result: x86_64-pc-linux-gnu
configure:3049: checking how to print strings
configure:3076: result: printf
configure:3109: checking for style of include used by make
configure:3137: result: GNU
configure:3208: checking for gcc
configure:3224: found /usr/bin/gcc
configure:3235: result: gcc
configure:3464: checking for C compiler version
configure:3473: gcc --version >&5
gcc (GCC) 10.2.1 20201125 (Red Hat 10.2.1-9)
Copyright (C) 2020 Free Software Foundation, Inc.
This is free software; see the source for copying conditions.  There is NO
warranty; not even for MERCHANTABILITY or FITNESS FOR A PARTICULAR PURPOSE.

configure:3484: $? = 0
configure:3473: gcc -v >&5
Using built-in specs.
COLLECT_GCC=gcc
COLLECT_LTO_WRAPPER=/usr/libexec/gcc/x86_64-redhat-linux/10/lto-wrapper
OFFLOAD_TARGET_NAMES=nvptx-none
OFFLOAD_TARGET_DEFAULT=1
Target: x86_64-redhat-linux
Configured with: ../configure --enable-bootstrap --enable-languages=c,c++,fortran,objc,obj-c++,ada,go,d,lto --prefix=/usr --mandir=/usr/share/man --infodir=/usr/share/info --with-bugurl=http://bugzilla.redhat.com/bugzilla --enable-shared --enable-threads=posix --enable-checking=release --enable-multilib --with-system-zlib --enable-__cxa_atexit --disable-libunwind-exceptions --enable-gnu-unique-object --enable-linker-build-id --with-gcc-major-version-only --with-linker-hash-style=gnu --enable-plugin --enable-initfini-array --with-isl --enable-offload-targets=nvptx-none --without-cuda-driver --enable-gnu-indirect-function --enable-cet --with-tune=generic --with-arch_32=i686 --build=x86_64-redhat-linux
Thread model: posix
Supported LTO compression algorithms: zlib zstd
gcc version 10.2.1 20201125 (Red Hat 10.2.1-9) (GCC) 
... rest of stderr output deleted ...
configure:3484: $? = 0
configure:3473: gcc -V >&5
gcc: error: unrecognized command-line option '-V'
gcc: fatal error: no input files
compilation terminated.
configure:3484: $? = 1
configure:3473: gcc -qversion >&5
gcc: error: unrecognized command-line option '-qversion'; did you mean '--version'?
gcc: fatal error: no input files
compilation terminated.
configure:3484: $? = 1
configure:3504: checking whether the C compiler works
configure:3526: gcc    conftest.c  >&5
configure:3530: $? = 0
configure:3578: result: yes
configure:3581: checking for C compiler default output file name
configure:3583: result: a.out
configure:3589: checking for suffix of executables
configure:3596: gcc -o conftest    conftest.c  >&5
configure:3600: $? = 0
configure:3622: result: 
configure:3644: checking whether we are cross compiling
configure:3652: gcc -o conftest    conftest.c  >&5
configure:3656: $? = 0
configure:3663: ./conftest
configure:3667: $? = 0
configure:3655: result: no
configure:3660: checking for suffix of object files
configure:3682: gcc -c   conftest.c >&5
configure:3686: $? = 0
configure:3707: result: o
configure:3711: checking whether we are using the GNU C compiler
configure:3730: gcc -c   conftest.c >&5
configure:3730: $? = 0
configure:3739: result: yes
configure:3748: checking whether gcc accepts -g
configure:3768: gcc -c -g  conftest.c >&5
configure:3768: $? = 0
configure:3809: result: yes
configure:3826: checking for gcc option to accept ISO C89
configure:3889: gcc  -c -g -O2  conftest.c >&5
configure:3889: $? = 0
configure:3902: result: none needed
configure:3927: checking whether gcc understands -c and -o together
configure:3949: gcc -c conftest.c -o conftest2.o
configure:3952: $? = 0
configure:3949: gcc -c conftest.c -o conftest2.o
configure:3952: $? = 0
configure:3964: result: yes
configure:3983: checking dependency style of gcc
configure:4094: result: none
configure:4109: checking for a sed that does not truncate output
configure:4173: result: /usr/bin/sed
configure:4191: checking for grep that handles long lines and -e
configure:4249: result: /usr/bin/grep
configure:4254: checking for egrep
configure:4316: result: /usr/bin/grep -E
configure:4321: checking for fgrep
configure:4383: result: /usr/bin/grep -F
configure:4418: checking for ld used by gcc
configure:4485: result: /usr/bin/ld
configure:4492: checking if the linker (/usr/bin/ld) is GNU ld
configure:4507: result: yes
configure:4519: checking for BSD- or MS-compatible name lister (nm)
configure:4573: result: /usr/bin/nm -B
configure:4703: checking the name lister (/usr/bin/nm -B) interface
configure:4710: gcc -c -g -O2  conftest.c >&5
configure:4713: /usr/bin/nm -B "conftest.o"
configure:4716: output
0000000000000000 B some_variable
configure:4717: result: BSD nm
configure:4720: checking whether ln -s works
configure:4724: result: yes
configure:4732: checking the maximum length of command line arguments
configure:4863: result: 1572864
configure:4911: checking how to convert x86_64-pc-linux-gnu file names to x86_64-pc-linux-gnu format
configure:4951: result: func_convert_file_noop
configure:4958: checking how to convert x86_64-pc-linux-gnu file names to toolchain format
configure:4978: result: func_convert_file_noop
configure:4985: checking for /usr/bin/ld option to reload object files
configure:4992: result: -r
configure:5066: checking for objdump
configure:5082: found /usr/bin/objdump
configure:5093: result: objdump
configure:5125: checking how to recognize dependent libraries
configure:5325: result: pass_all
configure:5410: checking for dlltool
configure:5440: result: no
configure:5470: checking how to associate runtime and link libraries
configure:5497: result: printf %s\n
configure:5558: checking for ar
configure:5574: found /usr/bin/ar
configure:5585: result: ar
configure:5622: checking for archiver @FILE support
configure:5639: gcc -c -g -O2  conftest.c >&5
configure:5639: $? = 0
configure:5642: ar cru libconftest.a @conftest.lst >&5
configure:5645: $? = 0
configure:5650: ar cru libconftest.a @conftest.lst >&5
ar: conftest.o: No such file or directory
configure:5653: $? = 1
configure:5652: result: @
configure:5710: checking for strip
configure:5726: found /usr/bin/strip
configure:5737: result: strip
configure:5809: checking for ranlib
configure:5825: found /usr/bin/ranlib
configure:5836: result: ranlib
configure:5938: checking command to parse /usr/bin/nm -B output from gcc object
configure:6091: gcc -c -g -O2  conftest.c >&5
configure:6094: $? = 0
configure:6098: /usr/bin/nm -B conftest.o \| sed -n -e 's/^.*[ ]\([ABCDGIRSTW][ABCDGIRSTW]*\)[ ][ ]*\([_A-Za-z][_A-Za-z0-9]*\)$/\1 \2 \2/p' | sed '/ __gnu_lto/d' \> conftest.nm
configure:6101: $? = 0
configure:6167: gcc -o conftest -g -O2   conftest.c conftstm.o >&5
configure:6170: $? = 0
configure:6208: result: ok
configure:6255: checking for sysroot
configure:6285: result: no
configure:6292: checking for a working dd
configure:6330: result: /usr/bin/dd
configure:6334: checking how to truncate binary pipes
configure:6349: result: /usr/bin/dd bs=4096 count=1
configure:6485: gcc -c -g -O2  conftest.c >&5
configure:6488: $? = 0
configure:6678: checking for mt
configure:6708: result: no
configure:6728: checking if : is a manifest tool
configure:6734: : '-?'
configure:6742: result: no
configure:7419: checking how to run the C preprocessor
configure:7450: gcc -E  conftest.c
configure:7450: $? = 0
configure:7464: gcc -E  conftest.c
conftest.c:11:10: fatal error: ac_nonexistent.h: No such file or directory
   11 | #include <ac_nonexistent.h>
      |          ^~~~~~~~~~~~~~~~~~
compilation terminated.
configure:7464: $? = 1
configure: failed program was:
| /* confdefs.h */
| #define PACKAGE_NAME "guake"
| #define PACKAGE_TARNAME "guake"
| #define PACKAGE_VERSION "0.8.11"
| #define PACKAGE_STRING "guake 0.8.11"
| #define PACKAGE_BUGREPORT "http://guake-project.org/"
| #define PACKAGE_URL ""
| #define PACKAGE "guake"
| #define VERSION "0.8.11"
| /* end confdefs.h.  */
| #include <ac_nonexistent.h>
configure:7489: result: gcc -E
configure:7509: gcc -E  conftest.c
configure:7509: $? = 0
configure:7523: gcc -E  conftest.c
conftest.c:11:10: fatal error: ac_nonexistent.h: No such file or directory
   11 | #include <ac_nonexistent.h>
      |          ^~~~~~~~~~~~~~~~~~
compilation terminated.
configure:7523: $? = 1
configure: failed program was:
| /* confdefs.h */
| #define PACKAGE_NAME "guake"
| #define PACKAGE_TARNAME "guake"
| #define PACKAGE_VERSION "0.8.11"
| #define PACKAGE_STRING "guake 0.8.11"
| #define PACKAGE_BUGREPORT "http://guake-project.org/"
| #define PACKAGE_URL ""
| #define PACKAGE "guake"
| #define VERSION "0.8.11"
| /* end confdefs.h.  */
| #include <ac_nonexistent.h>
configure:7552: checking for ANSI C header files
configure:7572: gcc -c -g -O2  conftest.c >&5
configure:7572: $? = 0
configure:7645: gcc -o conftest -g -O2   conftest.c  >&5
configure:7645: $? = 0
configure:7645: ./conftest
configure:7645: $? = 0
configure:7656: result: yes
configure:7669: checking for sys/types.h
configure:7669: gcc -c -g -O2  conftest.c >&5
configure:7669: $? = 0
configure:7669: result: yes
configure:7669: checking for sys/stat.h
configure:7669: gcc -c -g -O2  conftest.c >&5
configure:7669: $? = 0
configure:7669: result: yes
configure:7669: checking for stdlib.h
configure:7669: gcc -c -g -O2  conftest.c >&5
configure:7669: $? = 0
configure:7669: result: yes
configure:7669: checking for string.h
configure:7669: gcc -c -g -O2  conftest.c >&5
configure:7669: $? = 0
configure:7669: result: yes
configure:7669: checking for memory.h
configure:7669: gcc -c -g -O2  conftest.c >&5
configure:7669: $? = 0
configure:7669: result: yes
configure:7669: checking for strings.h
configure:7669: gcc -c -g -O2  conftest.c >&5
configure:7669: $? = 0
configure:7669: result: yes
configure:7669: checking for inttypes.h
configure:7669: gcc -c -g -O2  conftest.c >&5
configure:7669: $? = 0
configure:7669: result: yes
configure:7669: checking for stdint.h
configure:7669: gcc -c -g -O2  conftest.c >&5
configure:7669: $? = 0
configure:7669: result: yes
configure:7669: checking for unistd.h
configure:7669: gcc -c -g -O2  conftest.c >&5
configure:7669: $? = 0
configure:7669: result: yes
configure:7683: checking for dlfcn.h
configure:7683: gcc -c -g -O2  conftest.c >&5
configure:7683: $? = 0
configure:7683: result: yes
configure:7939: checking for objdir
configure:7954: result: .libs
configure:8218: checking if gcc supports -fno-rtti -fno-exceptions
configure:8236: gcc -c -g -O2  -fno-rtti -fno-exceptions conftest.c >&5
cc1: warning: command-line option '-fno-rtti' is valid for C++/D/ObjC++ but not for C
configure:8240: $? = 0
configure:8253: result: no
configure:8611: checking for gcc option to produce PIC
configure:8618: result: -fPIC -DPIC
configure:8626: checking if gcc PIC flag -fPIC -DPIC works
configure:8644: gcc -c -g -O2  -fPIC -DPIC -DPIC conftest.c >&5
configure:8648: $? = 0
configure:8661: result: yes
configure:8690: checking if gcc static flag -static works
configure:8718: result: no
configure:8733: checking if gcc supports -c -o file.o
configure:8754: gcc -c -g -O2  -o out/conftest2.o conftest.c >&5
configure:8758: $? = 0
configure:8780: result: yes
configure:8788: checking if gcc supports -c -o file.o
configure:8835: result: yes
configure:8868: checking whether the gcc linker (/usr/bin/ld -m elf_x86_64) supports shared libraries
configure:10131: result: yes
configure:10168: checking whether -lc should be explicitly linked in
configure:10176: gcc -c -g -O2  conftest.c >&5
configure:10179: $? = 0
configure:10194: gcc -shared  -fPIC -DPIC conftest.o  -v -Wl,-soname -Wl,conftest -o conftest 2\>\&1 \| /usr/bin/grep  -lc  \>/dev/null 2\>\&1
configure:10197: $? = 0
configure:10211: result: no
configure:10371: checking dynamic linker characteristics
configure:10952: gcc -o conftest -g -O2   -Wl,-rpath -Wl,/foo conftest.c  >&5
configure:10952: $? = 0
configure:11201: result: GNU/Linux ld.so
configure:11323: checking how to hardcode library paths into programs
configure:11348: result: immediate
configure:11896: checking whether stripping libraries is possible
configure:11901: result: yes
configure:11936: checking if libtool supports shared libraries
configure:11938: result: yes
configure:11941: checking whether to build shared libraries
configure:11966: result: yes
configure:11969: checking whether to build static libraries
configure:11973: result: yes
configure:8835: checking for gcc
configure:8862: result: gcc
configure:9091: checking for C compiler version
configure:9100: gcc --version >&5
gcc (GCC) 10.2.1 20201125 (Red Hat 10.2.1-9)
Copyright (C) 2020 Free Software Foundation, Inc.
This is free software; see the source for copying conditions.  There is NO
warranty; not even for MERCHANTABILITY or FITNESS FOR A PARTICULAR PURPOSE.

configure:9111: $? = 0
configure:9100: gcc -v >&5
Using built-in specs.
COLLECT_GCC=gcc
COLLECT_LTO_WRAPPER=/usr/libexec/gcc/x86_64-redhat-linux/10/lto-wrapper
OFFLOAD_TARGET_NAMES=nvptx-none
OFFLOAD_TARGET_DEFAULT=1
Target: x86_64-redhat-linux
Configured with: ../configure --enable-bootstrap --enable-languages=c,c++,fortran,objc,obj-c++,ada,go,d,lto --prefix=/usr --mandir=/usr/share/man --infodir=/usr/share/info --with-bugurl=http://bugzilla.redhat.com/bugzilla --enable-shared --enable-threads=posix --enable-checking=release --enable-multilib --with-system-zlib --enable-__cxa_atexit --disable-libunwind-exceptions --enable-gnu-unique-object --enable-linker-build-id --with-gcc-major-version-only --with-linker-hash-style=gnu --enable-plugin --enable-initfini-array --with-isl --enable-offload-targets=nvptx-none --without-cuda-driver --enable-gnu-indirect-function --enable-cet --with-tune=generic --with-arch_32=i686 --build=x86_64-redhat-linux
Thread model: posix
Supported LTO compression algorithms: zlib zstd
gcc version 10.2.1 20201125 (Red Hat 10.2.1-9) (GCC) 
... rest of stderr output deleted ...
configure:9111: $? = 0
configure:9100: gcc -V >&5
gcc: error: unrecognized command-line option '-V'
gcc: fatal error: no input files
compilation terminated.
configure:9111: $? = 1
configure:9100: gcc -qversion >&5
gcc: error: unrecognized command-line option '-qversion'; did you mean '--version'?
gcc: fatal error: no input files
compilation terminated.
configure:9111: $? = 1
configure:9115: checking whether we are using the GNU C compiler
configure:9143: result: yes
configure:9152: checking whether gcc accepts -g
configure:9213: result: yes
configure:9230: checking for gcc option to accept ISO C89
configure:9306: result: none needed
configure:9331: checking whether gcc understands -c and -o together
configure:9368: result: yes
configure:9387: checking dependency style of gcc
configure:9498: result: none
configure:9515: checking whether NLS is requested
configure:9524: result: yes
configure:9542: checking for intltool >= 0.35.0
configure:9544: result: 0.51.0 found
configure:9552: checking for intltool-update
configure:9570: found /usr/bin/intltool-update
configure:9582: result: /usr/bin/intltool-update
configure:9592: checking for intltool-merge
configure:9610: found /usr/bin/intltool-merge
configure:9622: result: /usr/bin/intltool-merge
configure:9632: checking for intltool-extract
configure:9650: found /usr/bin/intltool-extract
configure:9662: result: /usr/bin/intltool-extract
configure:9816: checking for xgettext
configure:9834: found /usr/bin/xgettext
configure:9846: result: /usr/bin/xgettext
configure:9856: checking for msgmerge
configure:9874: found /usr/bin/msgmerge
configure:9886: result: /usr/bin/msgmerge
configure:9896: checking for msgfmt
configure:9914: found /usr/bin/msgfmt
configure:9926: result: /usr/bin/msgfmt
configure:9936: checking for gmsgfmt
configure:9967: result: /usr/bin/msgfmt
configure:9987: checking for perl
configure:10005: found /usr/bin/perl
configure:10017: result: /usr/bin/perl
configure:10028: checking for perl >= 5.8.1
configure:10035: result: 5.30.3
configure:10039: checking for XML::Parser
configure:10042: result: ok
configure:10058: checking locale.h usability
configure:10058: gcc -c -g -O2  conftest.c >&5
configure:10058: $? = 0
configure:10058: result: yes
configure:10058: checking locale.h presence
configure:10058: gcc -E  conftest.c
configure:10058: $? = 0
configure:10058: result: yes
configure:10058: checking for locale.h
configure:10058: result: yes
configure:10069: checking for LC_MESSAGES
configure:10085: gcc -o conftest -g -O2   conftest.c  >&5
configure:10085: $? = 0
configure:10093: result: yes
configure:10110: checking libintl.h usability
configure:10110: gcc -c -g -O2  conftest.c >&5
configure:10110: $? = 0
configure:10110: result: yes
configure:10110: checking libintl.h presence
configure:10110: gcc -E  conftest.c
configure:10110: $? = 0
configure:10110: result: yes
configure:10110: checking for libintl.h
configure:10110: result: yes
configure:10118: checking for ngettext in libc
configure:10136: gcc -o conftest -g -O2   conftest.c  >&5
configure:10136: $? = 0
configure:10145: result: yes
configure:10149: checking for dgettext in libc
configure:10167: gcc -o conftest -g -O2   conftest.c  >&5
configure:10167: $? = 0
configure:10176: result: yes
configure:10183: checking for bind_textdomain_codeset
configure:10183: gcc -o conftest -g -O2   conftest.c  >&5
configure:10183: $? = 0
configure:10183: result: yes
configure:10459: checking for msgfmt
configure:10486: result: /usr/bin/msgfmt
configure:10497: checking for dcgettext
configure:10497: gcc -o conftest -g -O2   conftest.c   >&5
conftest.c:50:6: warning: conflicting types for built-in function 'dcgettext'; expected 'char *(const char *, const char *, int)' [-Wbuiltin-declaration-mismatch]
   50 | char dcgettext ();
      |      ^~~~~~~~~
configure:10497: $? = 0
configure:10497: result: yes
configure:10507: checking if msgfmt accepts -c
configure:10522: $MSGFMT -c -o /dev/null conftest.foo
conftest.foo:3: warning: header field 'Language' missing in header
configure:10525: $? = 0
configure:10527: result: yes
configure:10537: checking for gmsgfmt
configure:10568: result: /usr/bin/msgfmt
configure:10578: checking for xgettext
configure:10605: result: /usr/bin/xgettext
configure:10624: gcc -o conftest -g -O2   conftest.c   >&5
configure:10624: $? = 0
configure:10799: checking for a Python interpreter with version >= 2.7
configure:10816: python -c import sys # split strings by '.' and convert to numeric. Append some zeros # because we need at least 4 digits for the hex conversion. # map returns an iterator in Python 3.0 and a list in 2.x minver = list(map(int, '2.7'.split('.'))) + [0, 0, 0] minverhex = 0 # xrange is not present in Python 3.0 and range returns an iterator for i in list(range(0, 4)): minverhex = (minverhex << 8) + minver[i] sys.exit(sys.hexversion < minverhex)
configure:10819: $? = 0
configure:10825: result: python
configure:10833: checking for python
configure:10851: found /home/zeus/.pyenv/shims/python
configure:10863: result: /home/zeus/.pyenv/shims/python
configure:10881: checking for python version
configure:10888: result: 3.5
configure:10900: checking for python platform
configure:10907: result: linux
configure:10933: checking for python script directory
configure:10968: result: ${prefix}/lib/python3.5/site-packages
configure:10977: checking for python extension module directory
configure:11012: result: ${exec_prefix}/lib/python3.5/site-packages
configure:11088: checking for pkg-config
configure:11106: found /usr/bin/pkg-config
configure:11118: result: /usr/bin/pkg-config
configure:11143: checking pkg-config is at least version 0.9.0
configure:11146: result: yes
configure:11156: checking for DEPENDENCIES
configure:11167: $PKG_CONFIG --exists --print-errors "
    gtk+-2.0 >= $GTK_REQUIRED
    pygtk-2.0
    x11
"
Package pygtk-2.0 was not found in the pkg-config search path.
Perhaps you should add the directory containing `pygtk-2.0.pc'
to the PKG_CONFIG_PATH environment variable
Package 'pygtk-2.0', required by 'virtual:world', not found
configure:11174: $? = 1
configure:11196: $PKG_CONFIG --exists --print-errors "
    gtk+-2.0 >= $GTK_REQUIRED
    pygtk-2.0
    x11
"
Package pygtk-2.0 was not found in the pkg-config search path.
Perhaps you should add the directory containing `pygtk-2.0.pc'
to the PKG_CONFIG_PATH environment variable
Package 'pygtk-2.0', required by 'virtual:world', not found
configure:11203: $? = 1
configure:11221: result: no
Package 'pygtk-2.0', required by 'virtual:world', not found
configure:11245: error: Package requirements (
    gtk+-2.0 >= 2.10.0
    pygtk-2.0
    x11
) were not met:

Package 'pygtk-2.0', required by 'virtual:world', not found

Consider adjusting the PKG_CONFIG_PATH environment variable if you
installed software in a non-standard prefix.

Alternatively, you may set the environment variables DEPENDENCIES_CFLAGS
and DEPENDENCIES_LIBS to avoid the need to call pkg-config.
See the pkg-config man page for more details.

## ---------------- ##
## Cache variables. ##
## ---------------- ##

ac_cv_build=x86_64-pc-linux-gnu
ac_cv_c_compiler_gnu=yes
ac_cv_env_CC_set=
ac_cv_env_CC_value=
ac_cv_env_CFLAGS_set=
ac_cv_env_CFLAGS_value=
ac_cv_env_CPPFLAGS_set=
ac_cv_env_CPPFLAGS_value=
ac_cv_env_CPP_set=
ac_cv_env_CPP_value=
ac_cv_env_DEPENDENCIES_CFLAGS_set=
ac_cv_env_DEPENDENCIES_CFLAGS_value=
ac_cv_env_DEPENDENCIES_LIBS_set=
ac_cv_env_DEPENDENCIES_LIBS_value=
ac_cv_env_LDFLAGS_set=
ac_cv_env_LDFLAGS_value=
ac_cv_env_LIBS_set=
ac_cv_env_LIBS_value=
ac_cv_env_LT_SYS_LIBRARY_PATH_set=
ac_cv_env_LT_SYS_LIBRARY_PATH_value=
ac_cv_env_PKG_CONFIG_LIBDIR_set=
ac_cv_env_PKG_CONFIG_LIBDIR_value=
ac_cv_env_PKG_CONFIG_PATH_set=
ac_cv_env_PKG_CONFIG_PATH_value=
ac_cv_env_PKG_CONFIG_set=
ac_cv_env_PKG_CONFIG_value=
ac_cv_env_PYTHON_set=
ac_cv_env_PYTHON_value=
ac_cv_env_build_alias_set=
ac_cv_env_build_alias_value=
ac_cv_env_host_alias_set=
ac_cv_env_host_alias_value=
ac_cv_env_target_alias_set=
ac_cv_env_target_alias_value=
ac_cv_func_bind_textdomain_codeset=yes
ac_cv_func_dcgettext=yes
ac_cv_header_dlfcn_h=yes
ac_cv_header_inttypes_h=yes
ac_cv_header_libintl_h=yes
ac_cv_header_locale_h=yes
ac_cv_header_memory_h=yes
ac_cv_header_stdc=yes
ac_cv_header_stdint_h=yes
ac_cv_header_stdlib_h=yes
ac_cv_header_string_h=yes
ac_cv_header_strings_h=yes
ac_cv_header_sys_stat_h=yes
ac_cv_header_sys_types_h=yes
ac_cv_header_unistd_h=yes
ac_cv_host=x86_64-pc-linux-gnu
ac_cv_objext=o
ac_cv_path_EGREP='/usr/bin/grep -E'
ac_cv_path_FGREP='/usr/bin/grep -F'
ac_cv_path_GMSGFMT=/usr/bin/msgfmt
ac_cv_path_GREP=/usr/bin/grep
ac_cv_path_INTLTOOL_EXTRACT=/usr/bin/intltool-extract
ac_cv_path_INTLTOOL_MERGE=/usr/bin/intltool-merge
ac_cv_path_INTLTOOL_PERL=/usr/bin/perl
ac_cv_path_INTLTOOL_UPDATE=/usr/bin/intltool-update
ac_cv_path_MSGFMT=/usr/bin/msgfmt
ac_cv_path_MSGMERGE=/usr/bin/msgmerge
ac_cv_path_PYTHON=/home/zeus/.pyenv/shims/python
ac_cv_path_SED=/usr/bin/sed
ac_cv_path_XGETTEXT=/usr/bin/xgettext
ac_cv_path_ac_pt_PKG_CONFIG=/usr/bin/pkg-config
ac_cv_path_install='/usr/bin/install -c'
ac_cv_path_lt_DD=/usr/bin/dd
ac_cv_path_mkdir=/usr/bin/mkdir
ac_cv_prog_AWK=gawk
ac_cv_prog_CPP='gcc -E'
ac_cv_prog_ac_ct_AR=ar
ac_cv_prog_ac_ct_CC=gcc
ac_cv_prog_ac_ct_OBJDUMP=objdump
ac_cv_prog_ac_ct_RANLIB=ranlib
ac_cv_prog_ac_ct_STRIP=strip
ac_cv_prog_cc_c89=
ac_cv_prog_cc_g=yes
ac_cv_prog_make_make_set=yes
am_cv_CC_dependencies_compiler_type=none
am_cv_make_support_nested_variables=yes
am_cv_pathless_PYTHON=python
am_cv_prog_cc_c_o=yes
am_cv_python_platform=linux
am_cv_python_pyexecdir='${exec_prefix}/lib/python3.5/site-packages'
am_cv_python_pythondir='${prefix}/lib/python3.5/site-packages'
am_cv_python_version=3.5
am_cv_val_LC_MESSAGES=yes
gt_cv_func_dgettext_libc=yes
gt_cv_func_dgettext_libintl=no
gt_cv_func_ngettext_libc=yes
gt_cv_have_gettext=yes
lt_cv_ar_at_file=@
lt_cv_archive_cmds_need_lc=no
lt_cv_deplibs_check_method=pass_all
lt_cv_file_magic_cmd='$MAGIC_CMD'
lt_cv_file_magic_test_file=
lt_cv_ld_reload_flag=-r
lt_cv_nm_interface='BSD nm'
lt_cv_objdir=.libs
lt_cv_path_LD=/usr/bin/ld
lt_cv_path_NM='/usr/bin/nm -B'
lt_cv_path_mainfest_tool=no
lt_cv_prog_compiler_c_o=yes
lt_cv_prog_compiler_pic='-fPIC -DPIC'
lt_cv_prog_compiler_pic_works=yes
lt_cv_prog_compiler_rtti_exceptions=no
lt_cv_prog_compiler_static_works=no
lt_cv_prog_gnu_ld=yes
lt_cv_sharedlib_from_linklib_cmd='printf %s\n'
lt_cv_shlibpath_overrides_runpath=no
lt_cv_sys_global_symbol_pipe='sed -n -e '\''s/^.*[	 ]\([ABCDGIRSTW][ABCDGIRSTW]*\)[	 ][	 ]*\([_A-Za-z][_A-Za-z0-9]*\)$/\1 \2 \2/p'\'' | sed '\''/ __gnu_lto/d'\'''
lt_cv_sys_global_symbol_to_c_name_address='sed -n -e '\''s/^: \(.*\) .*$/  {"\1", (void *) 0},/p'\'' -e '\''s/^[ABCDGIRSTW][ABCDGIRSTW]* .* \(.*\)$/  {"\1", (void *) \&\1},/p'\'''
lt_cv_sys_global_symbol_to_c_name_address_lib_prefix='sed -n -e '\''s/^: \(.*\) .*$/  {"\1", (void *) 0},/p'\'' -e '\''s/^[ABCDGIRSTW][ABCDGIRSTW]* .* \(lib.*\)$/  {"\1", (void *) \&\1},/p'\'' -e '\''s/^[ABCDGIRSTW][ABCDGIRSTW]* .* \(.*\)$/  {"lib\1", (void *) \&\1},/p'\'''
lt_cv_sys_global_symbol_to_cdecl='sed -n -e '\''s/^T .* \(.*\)$/extern int \1();/p'\'' -e '\''s/^[ABCDGIRSTW][ABCDGIRSTW]* .* \(.*\)$/extern char \1;/p'\'''
lt_cv_sys_global_symbol_to_import=
lt_cv_sys_max_cmd_len=1572864
lt_cv_to_host_file_cmd=func_convert_file_noop
lt_cv_to_tool_file_cmd=func_convert_file_noop
lt_cv_truncate_bin='/usr/bin/dd bs=4096 count=1'

## ----------------- ##
## Output variables. ##
## ----------------- ##

ACLOCAL='${SHELL} /home/zeus/_/laptop_computer_setup/guake/missing aclocal-1.15'
ALL_LINGUAS=''
AMDEPBACKSLASH='\'
AMDEP_FALSE='#'
AMDEP_TRUE=''
AMTAR='$${TAR-tar}'
AM_BACKSLASH='\'
AM_DEFAULT_V='$(AM_DEFAULT_VERBOSITY)'
AM_DEFAULT_VERBOSITY='1'
AM_V='$(V)'
AR='ar'
AUTOCONF='${SHELL} /home/zeus/_/laptop_computer_setup/guake/missing autoconf'
AUTOHEADER='${SHELL} /home/zeus/_/laptop_computer_setup/guake/missing autoheader'
AUTOMAKE='${SHELL} /home/zeus/_/laptop_computer_setup/guake/missing automake-1.15'
AWK='gawk'
BINDIR=''
CATALOGS=''
CATOBJEXT='.gmo'
CC='gcc'
CCDEPMODE='depmode=none'
CFLAGS='-g -O2'
CPP='gcc -E'
CPPFLAGS=''
CYGPATH_W='echo'
DATADIR=''
DATADIRNAME='share'
DEFS=''
DEPDIR='.deps'
DEPENDENCIES_CFLAGS=''
DEPENDENCIES_LIBS=''
DLLTOOL='false'
DSYMUTIL=''
DUMPBIN=''
ECHO_C=''
ECHO_N='-n'
ECHO_T=''
EGREP='/usr/bin/grep -E'
EXEEXT=''
FGREP='/usr/bin/grep -F'
GCONFTOOL=''
GCONF_SCHEMAS_INSTALL_FALSE=''
GCONF_SCHEMAS_INSTALL_TRUE=''
GCONF_SCHEMA_CONFIG_SOURCE=''
GCONF_SCHEMA_FILE_DIR=''
GETTEXT_PACKAGE=''
GMOFILES=''
GMSGFMT='/usr/bin/msgfmt'
GREP='/usr/bin/grep'
INSTALL_DATA='${INSTALL} -m 644'
INSTALL_PROGRAM='${INSTALL}'
INSTALL_SCRIPT='${INSTALL}'
INSTALL_STRIP_PROGRAM='$(install_sh) -c -s'
INSTOBJEXT='.mo'
INTLLIBS=''
INTLTOOL_CAVES_RULE='%.caves:     %.caves.in     $(INTLTOOL_MERGE) $(wildcard $(top_srcdir)/po/*.po) ; $(INTLTOOL_V_MERGE)LC_ALL=C $(INTLTOOL_MERGE) $(INTLTOOL_V_MERGE_OPTIONS) -d -u -c $(top_builddir)/po/.intltool-merge-cache $(top_srcdir)/po $< $@'
INTLTOOL_DESKTOP_RULE='%.desktop:   %.desktop.in   $(INTLTOOL_MERGE) $(wildcard $(top_srcdir)/po/*.po) ; $(INTLTOOL_V_MERGE)LC_ALL=C $(INTLTOOL_MERGE) $(INTLTOOL_V_MERGE_OPTIONS) -d -u -c $(top_builddir)/po/.intltool-merge-cache $(top_srcdir)/po $< $@'
INTLTOOL_DIRECTORY_RULE='%.directory: %.directory.in $(INTLTOOL_MERGE) $(wildcard $(top_srcdir)/po/*.po) ; $(INTLTOOL_V_MERGE)LC_ALL=C $(INTLTOOL_MERGE) $(INTLTOOL_V_MERGE_OPTIONS) -d -u -c $(top_builddir)/po/.intltool-merge-cache $(top_srcdir)/po $< $@'
INTLTOOL_EXTRACT='/usr/bin/intltool-extract'
INTLTOOL_KBD_RULE='%.kbd:       %.kbd.in       $(INTLTOOL_MERGE) $(wildcard $(top_srcdir)/po/*.po) ; $(INTLTOOL_V_MERGE)LC_ALL=C $(INTLTOOL_MERGE) $(INTLTOOL_V_MERGE_OPTIONS) -x -u -m -c $(top_builddir)/po/.intltool-merge-cache $(top_srcdir)/po $< $@'
INTLTOOL_KEYS_RULE='%.keys:      %.keys.in      $(INTLTOOL_MERGE) $(wildcard $(top_srcdir)/po/*.po) ; $(INTLTOOL_V_MERGE)LC_ALL=C $(INTLTOOL_MERGE) $(INTLTOOL_V_MERGE_OPTIONS) -k -u -c $(top_builddir)/po/.intltool-merge-cache $(top_srcdir)/po $< $@'
INTLTOOL_MERGE='/usr/bin/intltool-merge'
INTLTOOL_OAF_RULE='%.oaf:       %.oaf.in       $(INTLTOOL_MERGE) $(wildcard $(top_srcdir)/po/*.po) ; $(INTLTOOL_V_MERGE)LC_ALL=C $(INTLTOOL_MERGE) $(INTLTOOL_V_MERGE_OPTIONS) -o -p $(top_srcdir)/po $< $@'
INTLTOOL_PERL='/usr/bin/perl'
INTLTOOL_POLICY_RULE='%.policy:    %.policy.in    $(INTLTOOL_MERGE) $(wildcard $(top_srcdir)/po/*.po) ; $(INTLTOOL_V_MERGE)LC_ALL=C $(INTLTOOL_MERGE) $(INTLTOOL_V_MERGE_OPTIONS) -x -u -c $(top_builddir)/po/.intltool-merge-cache $(top_srcdir)/po $< $@'
INTLTOOL_PONG_RULE='%.pong:      %.pong.in      $(INTLTOOL_MERGE) $(wildcard $(top_srcdir)/po/*.po) ; $(INTLTOOL_V_MERGE)LC_ALL=C $(INTLTOOL_MERGE) $(INTLTOOL_V_MERGE_OPTIONS) -x -u -c $(top_builddir)/po/.intltool-merge-cache $(top_srcdir)/po $< $@'
INTLTOOL_PROP_RULE='%.prop:      %.prop.in      $(INTLTOOL_MERGE) $(wildcard $(top_srcdir)/po/*.po) ; $(INTLTOOL_V_MERGE)LC_ALL=C $(INTLTOOL_MERGE) $(INTLTOOL_V_MERGE_OPTIONS) -d -u -c $(top_builddir)/po/.intltool-merge-cache $(top_srcdir)/po $< $@'
INTLTOOL_SCHEMAS_RULE='%.schemas:   %.schemas.in   $(INTLTOOL_MERGE) $(wildcard $(top_srcdir)/po/*.po) ; $(INTLTOOL_V_MERGE)LC_ALL=C $(INTLTOOL_MERGE) $(INTLTOOL_V_MERGE_OPTIONS) -s -u -c $(top_builddir)/po/.intltool-merge-cache $(top_srcdir)/po $< $@'
INTLTOOL_SERVER_RULE='%.server:    %.server.in    $(INTLTOOL_MERGE) $(wildcard $(top_srcdir)/po/*.po) ; $(INTLTOOL_V_MERGE)LC_ALL=C $(INTLTOOL_MERGE) $(INTLTOOL_V_MERGE_OPTIONS) -o -u -c $(top_builddir)/po/.intltool-merge-cache $(top_srcdir)/po $< $@'
INTLTOOL_SERVICE_RULE='%.service: %.service.in   $(INTLTOOL_MERGE) $(wildcard $(top_srcdir)/po/*.po) ; $(INTLTOOL_V_MERGE)LC_ALL=C $(INTLTOOL_MERGE) $(INTLTOOL_V_MERGE_OPTIONS) -d -u -c $(top_builddir)/po/.intltool-merge-cache $(top_srcdir)/po $< $@'
INTLTOOL_SHEET_RULE='%.sheet:     %.sheet.in     $(INTLTOOL_MERGE) $(wildcard $(top_srcdir)/po/*.po) ; $(INTLTOOL_V_MERGE)LC_ALL=C $(INTLTOOL_MERGE) $(INTLTOOL_V_MERGE_OPTIONS) -x -u -c $(top_builddir)/po/.intltool-merge-cache $(top_srcdir)/po $< $@'
INTLTOOL_SOUNDLIST_RULE='%.soundlist: %.soundlist.in $(INTLTOOL_MERGE) $(wildcard $(top_srcdir)/po/*.po) ; $(INTLTOOL_V_MERGE)LC_ALL=C $(INTLTOOL_MERGE) $(INTLTOOL_V_MERGE_OPTIONS) -d -u -c $(top_builddir)/po/.intltool-merge-cache $(top_srcdir)/po $< $@'
INTLTOOL_THEME_RULE='%.theme:     %.theme.in     $(INTLTOOL_MERGE) $(wildcard $(top_srcdir)/po/*.po) ; $(INTLTOOL_V_MERGE)LC_ALL=C $(INTLTOOL_MERGE) $(INTLTOOL_V_MERGE_OPTIONS) -d -u -c $(top_builddir)/po/.intltool-merge-cache $(top_srcdir)/po $< $@'
INTLTOOL_UI_RULE='%.ui:        %.ui.in        $(INTLTOOL_MERGE) $(wildcard $(top_srcdir)/po/*.po) ; $(INTLTOOL_V_MERGE)LC_ALL=C $(INTLTOOL_MERGE) $(INTLTOOL_V_MERGE_OPTIONS) -x -u -c $(top_builddir)/po/.intltool-merge-cache $(top_srcdir)/po $< $@'
INTLTOOL_UPDATE='/usr/bin/intltool-update'
INTLTOOL_V_MERGE='$(INTLTOOL__v_MERGE_$(V))'
INTLTOOL_V_MERGE_OPTIONS='$(intltool__v_merge_options_$(V))'
INTLTOOL_XAM_RULE='%.xam:       %.xml.in       $(INTLTOOL_MERGE) $(wildcard $(top_srcdir)/po/*.po) ; $(INTLTOOL_V_MERGE)LC_ALL=C $(INTLTOOL_MERGE) $(INTLTOOL_V_MERGE_OPTIONS) -x -u -c $(top_builddir)/po/.intltool-merge-cache $(top_srcdir)/po $< $@'
INTLTOOL_XML_NOMERGE_RULE='%.xml:       %.xml.in       $(INTLTOOL_MERGE) ; $(INTLTOOL_V_MERGE)LC_ALL=C $(INTLTOOL_MERGE) $(INTLTOOL_V_MERGE_OPTIONS) -x -u --no-translations $< $@'
INTLTOOL_XML_RULE='%.xml:       %.xml.in       $(INTLTOOL_MERGE) $(wildcard $(top_srcdir)/po/*.po) ; $(INTLTOOL_V_MERGE)LC_ALL=C $(INTLTOOL_MERGE) $(INTLTOOL_V_MERGE_OPTIONS) -x -u -c $(top_builddir)/po/.intltool-merge-cache $(top_srcdir)/po $< $@'
INTLTOOL__v_MERGE_0='@echo "  ITMRG " $@;'
INTLTOOL__v_MERGE_='$(INTLTOOL__v_MERGE_$(AM_DEFAULT_VERBOSITY))'
LD='/usr/bin/ld -m elf_x86_64'
LDFLAGS=''
LIBDIR=''
LIBOBJS=''
LIBS=''
LIBTOOL='$(SHELL) $(top_builddir)/libtool'
LIPO=''
LN_S='ln -s'
LTLIBOBJS=''
LT_SYS_LIBRARY_PATH=''
MAKEINFO='${SHELL} /home/zeus/_/laptop_computer_setup/guake/missing makeinfo'
MANIFEST_TOOL=':'
MKDIR_P='/usr/bin/mkdir -p'
MKINSTALLDIRS='./mkinstalldirs'
MSGFMT='/usr/bin/msgfmt'
MSGFMT_OPTS='-c'
MSGMERGE='/usr/bin/msgmerge'
NM='/usr/bin/nm -B'
NMEDIT=''
OBJDUMP='objdump'
OBJEXT='o'
OTOOL64=''
OTOOL=''
PACKAGE='guake'
PACKAGE_BUGREPORT='http://guake-project.org/'
PACKAGE_NAME='guake'
PACKAGE_STRING='guake 0.8.11'
PACKAGE_TARNAME='guake'
PACKAGE_URL=''
PACKAGE_VERSION='0.8.11'
PATH_SEPARATOR=':'
PKG_CONFIG='/usr/bin/pkg-config'
PKG_CONFIG_LIBDIR=''
PKG_CONFIG_PATH=''
POFILES=''
POSUB='po'
PO_IN_DATADIR_FALSE=''
PO_IN_DATADIR_TRUE=''
PYTHON='/home/zeus/.pyenv/shims/python'
PYTHON_CFLAGS='-I/include/python3.5'
PYTHON_EXEC_PREFIX='${exec_prefix}'
PYTHON_LIBS='-lpython3.5'
PYTHON_PLATFORM='linux'
PYTHON_PREFIX='${prefix}'
PYTHON_VERSION='3.5'
RANLIB='ranlib'
SED='/usr/bin/sed'
SET_MAKE=''
SHELL='/bin/sh'
STRIP='strip'
USE_NLS='yes'
VERSION='0.8.11'
XGETTEXT='/usr/bin/xgettext'
ac_ct_AR='ar'
ac_ct_CC='gcc'
ac_ct_DUMPBIN=''
am__EXEEXT_FALSE=''
am__EXEEXT_TRUE=''
am__fastdepCC_FALSE=''
am__fastdepCC_TRUE='#'
am__include='include'
am__isrc=''
am__leading_dot='.'
am__nodep='_no'
am__quote=''
am__tar='$${TAR-tar} chof - "$$tardir"'
am__untar='$${TAR-tar} xf -'
bindir='${exec_prefix}/bin'
build='x86_64-pc-linux-gnu'
build_alias=''
build_cpu='x86_64'
build_os='linux-gnu'
build_vendor='pc'
datadir='${datarootdir}'
datarootdir='${prefix}/share'
docdir='${datarootdir}/doc/${PACKAGE_TARNAME}'
dvidir='${docdir}'
exec_prefix='NONE'
host='x86_64-pc-linux-gnu'
host_alias=''
host_cpu='x86_64'
host_os='linux-gnu'
host_vendor='pc'
htmldir='${docdir}'
includedir='${prefix}/include'
infodir='${datarootdir}/info'
install_sh='${SHELL} /home/zeus/_/laptop_computer_setup/guake/install-sh'
intltool__v_merge_options_0='-q'
intltool__v_merge_options_='$(intltool__v_merge_options_$(AM_DEFAULT_VERBOSITY))'
libdir='${exec_prefix}/lib'
libexecdir='${exec_prefix}/libexec'
localedir='${datarootdir}/locale'
localstatedir='${prefix}/var'
mandir='${datarootdir}/man'
mkdir_p='$(MKDIR_P)'
oldincludedir='/usr/include'
pdfdir='${docdir}'
pkgpyexecdir='${pyexecdir}/guake'
pkgpythondir='${pythondir}/guake'
prefix='NONE'
program_transform_name='s,x,x,'
psdir='${docdir}'
pyexecdir='${exec_prefix}/lib/python3.5/site-packages'
pythondir='${prefix}/lib/python3.5/site-packages'
runstatedir='${localstatedir}/run'
sbindir='${exec_prefix}/sbin'
sharedstatedir='${prefix}/com'
sysconfdir='${prefix}/etc'
target_alias=''

## ----------- ##
## confdefs.h. ##
## ----------- ##

/* confdefs.h */
#define PACKAGE_NAME "guake"
#define PACKAGE_TARNAME "guake"
#define PACKAGE_VERSION "0.8.11"
#define PACKAGE_STRING "guake 0.8.11"
#define PACKAGE_BUGREPORT "http://guake-project.org/"
#define PACKAGE_URL ""
#define PACKAGE "guake"
#define VERSION "0.8.11"
#define STDC_HEADERS 1
#define HAVE_SYS_TYPES_H 1
#define HAVE_SYS_STAT_H 1
#define HAVE_STDLIB_H 1
#define HAVE_STRING_H 1
#define HAVE_MEMORY_H 1
#define HAVE_STRINGS_H 1
#define HAVE_INTTYPES_H 1
#define HAVE_STDINT_H 1
#define HAVE_UNISTD_H 1
#define HAVE_DLFCN_H 1
#define LT_OBJDIR ".libs/"
#define HAVE_LOCALE_H 1
#define HAVE_LC_MESSAGES 1
#define HAVE_BIND_TEXTDOMAIN_CODESET 1
#define HAVE_GETTEXT 1
#define HAVE_DCGETTEXT 1
#define ENABLE_NLS 1

configure: exit 1
